{"phase":"start","data":{"pid":27176},"id":"27176","operation":"brazil-build","time":1694359265955.093,"program":"brazil-build"}
{"phase":"start","data":{"package":"HappierTrails-3.5"},"id":"HappierTrails-3.5","operation":"bootstrap-buildtool","time":1694359265955.971,"program":"brazil-build"}
{"phase":"finish","data":{},"id":"HappierTrails-3.5","operation":"bootstrap-buildtool","time":1694359265956.9011,"program":"brazil-build"}
{"phase":"start","data":{"package":"JDK11-1.0"},"id":"JDK11-1.0","operation":"bootstrap-buildtool","time":1694359265956.954,"program":"brazil-build"}
{"phase":"finish","data":{},"id":"JDK11-1.0","operation":"bootstrap-buildtool","time":1694359265957.4312,"program":"brazil-build"}
{"phase":"start","data":{"package":"DaggerAntBuildLogic-2.x"},"id":"DaggerAntBuildLogic-2.x","operation":"bootstrap-buildtool","time":1694359265957.4778,"program":"brazil-build"}
{"phase":"finish","data":{},"id":"DaggerAntBuildLogic-2.x","operation":"bootstrap-buildtool","time":1694359265957.876,"program":"brazil-build"}
{"phase":"start","data":{"package":"DaggerBuildTool-2.x"},"id":"DaggerBuildTool-2.x","operation":"bootstrap-buildtool","time":1694359265957.916,"program":"brazil-build"}
{"phase":"finish","data":{},"id":"DaggerBuildTool-2.x","operation":"bootstrap-buildtool","time":1694359265958.3008,"program":"brazil-build"}
{"phase":"start","data":{"package":"Lombok-1.18.x"},"id":"Lombok-1.18.x","operation":"bootstrap-buildtool","time":1694359265958.3489,"program":"brazil-build"}
{"phase":"finish","data":{},"id":"Lombok-1.18.x","operation":"bootstrap-buildtool","time":1694359265958.731,"program":"brazil-build"}
{"phase":"start","data":{"package":"LombokUtils-1.1"},"id":"LombokUtils-1.1","operation":"bootstrap-buildtool","time":1694359265958.771,"program":"brazil-build"}
{"phase":"finish","data":{},"id":"LombokUtils-1.1","operation":"bootstrap-buildtool","time":1694359265958.978,"program":"brazil-build"}
{"phase":"start","data":{"command":"happytrails"},"id":"happytrails","operation":"exec-buildsystem","time":1694359265959.158,"program":"brazil-build"}
{"phase":"start","data":{},"time":1694359268854,"id":"ht-pre-release","program":"happytrails","operation":"ht-pre-release"}
{"phase":"finish","data":{},"time":1694359268854,"id":"ht-pre-release","program":"happytrails","operation":"ht-pre-release"}
{"phase":"start","data":{},"time":1694359268854,"id":"evaluate-sources-dir-emptyness","program":"happytrails","operation":"evaluate-sources-dir-emptyness"}
{"phase":"finish","data":{},"time":1694359268856,"id":"evaluate-sources-dir-emptyness","program":"happytrails","operation":"evaluate-sources-dir-emptyness"}
{"phase":"start","data":{},"time":1694359268856,"id":"check-if-sources-dir-empty","program":"happytrails","operation":"check-if-sources-dir-empty"}
{"phase":"finish","data":{},"time":1694359268856,"id":"check-if-sources-dir-empty","program":"happytrails","operation":"check-if-sources-dir-empty"}
{"phase":"start","data":{},"time":1694359268856,"id":"ht-pre-build","program":"happytrails","operation":"ht-pre-build"}
{"phase":"finish","data":{},"time":1694359268856,"id":"ht-pre-build","program":"happytrails","operation":"ht-pre-build"}
{"phase":"start","data":{},"time":1694359268856,"id":"ht-pre-compile-jar","program":"happytrails","operation":"ht-pre-compile-jar"}
{"phase":"finish","data":{},"time":1694359268856,"id":"ht-pre-compile-jar","program":"happytrails","operation":"ht-pre-compile-jar"}
{"phase":"start","data":{},"time":1694359268856,"id":"ht-pre-compile","program":"happytrails","operation":"ht-pre-compile"}
{"phase":"finish","data":{},"time":1694359268856,"id":"ht-pre-compile","program":"happytrails","operation":"ht-pre-compile"}
{"phase":"start","data":{},"time":1694359268856,"id":"-standard-compile","program":"happytrails","operation":"-standard-compile"}
{"phase":"finish","data":{},"time":1694359271302,"id":"-standard-compile","program":"happytrails","operation":"-standard-compile"}
{"phase":"start","data":{},"time":1694359271302,"id":"ht-post-compile","program":"happytrails","operation":"ht-post-compile"}
{"phase":"finish","data":{},"time":1694359271303,"id":"ht-post-compile","program":"happytrails","operation":"ht-post-compile"}
{"phase":"start","data":{},"time":1694359271303,"id":"standard-compile","program":"happytrails","operation":"standard-compile"}
{"phase":"finish","data":{},"time":1694359271303,"id":"standard-compile","program":"happytrails","operation":"standard-compile"}
{"phase":"start","data":{},"time":1694359271303,"id":"compile","program":"happytrails","operation":"compile"}
{"phase":"finish","data":{},"time":1694359271303,"id":"compile","program":"happytrails","operation":"compile"}
{"phase":"start","data":{},"time":1694359271303,"id":"-standard-compile-jar","program":"happytrails","operation":"-standard-compile-jar"}
{"phase":"finish","data":{},"time":1694359271364,"id":"-standard-compile-jar","program":"happytrails","operation":"-standard-compile-jar"}
{"phase":"start","data":{},"time":1694359271364,"id":"ht-post-compile-jar","program":"happytrails","operation":"ht-post-compile-jar"}
{"phase":"finish","data":{},"time":1694359271364,"id":"ht-post-compile-jar","program":"happytrails","operation":"ht-post-compile-jar"}
{"phase":"start","data":{},"time":1694359271364,"id":"standard-compile-jar","program":"happytrails","operation":"standard-compile-jar"}
{"phase":"finish","data":{},"time":1694359271364,"id":"standard-compile-jar","program":"happytrails","operation":"standard-compile-jar"}
{"phase":"start","data":{},"time":1694359271364,"id":"compile-jar","program":"happytrails","operation":"compile-jar"}
{"phase":"finish","data":{},"time":1694359271364,"id":"compile-jar","program":"happytrails","operation":"compile-jar"}
{"phase":"start","data":{},"time":1694359271364,"id":"ht-copy-bin","program":"happytrails","operation":"ht-copy-bin"}
{"phase":"finish","data":{},"time":1694359271367,"id":"ht-copy-bin","program":"happytrails","operation":"ht-copy-bin"}
{"phase":"start","data":{},"time":1694359271367,"id":"ht-copy-cfg","program":"happytrails","operation":"ht-copy-cfg"}
{"phase":"finish","data":{},"time":1694359271368,"id":"ht-copy-cfg","program":"happytrails","operation":"ht-copy-cfg"}
{"phase":"start","data":{},"time":1694359271368,"id":"-standard-build","program":"happytrails","operation":"-standard-build"}
{"phase":"finish","data":{},"time":1694359271368,"id":"-standard-build","program":"happytrails","operation":"-standard-build"}
{"phase":"start","data":{},"time":1694359271368,"id":"ht-post-build","program":"happytrails","operation":"ht-post-build"}
{"phase":"finish","data":{},"time":1694359271368,"id":"ht-post-build","program":"happytrails","operation":"ht-post-build"}
{"phase":"start","data":{},"time":1694359271368,"id":"standard-build","program":"happytrails","operation":"standard-build"}
{"phase":"finish","data":{},"time":1694359271368,"id":"standard-build","program":"happytrails","operation":"standard-build"}
{"phase":"start","data":{},"time":1694359271368,"id":"build","program":"happytrails","operation":"build"}
{"phase":"finish","data":{},"time":1694359271368,"id":"build","program":"happytrails","operation":"build"}
{"phase":"start","data":{},"time":1694359271368,"id":"ht-pre-test-compile","program":"happytrails","operation":"ht-pre-test-compile"}
{"phase":"finish","data":{},"time":1694359271368,"id":"ht-pre-test-compile","program":"happytrails","operation":"ht-pre-test-compile"}
{"phase":"start","data":{},"time":1694359271368,"id":"-standard-test-compile","program":"happytrails","operation":"-standard-test-compile"}
{"phase":"finish","data":{},"time":1694359271402,"id":"-standard-test-compile","program":"happytrails","operation":"-standard-test-compile"}
{"phase":"start","data":{},"time":1694359271402,"id":"ht-post-test-compile","program":"happytrails","operation":"ht-post-test-compile"}
{"phase":"finish","data":{},"time":1694359271402,"id":"ht-post-test-compile","program":"happytrails","operation":"ht-post-test-compile"}
{"phase":"start","data":{},"time":1694359271402,"id":"standard-test-compile","program":"happytrails","operation":"standard-test-compile"}
{"phase":"finish","data":{},"time":1694359271402,"id":"standard-test-compile","program":"happytrails","operation":"standard-test-compile"}
{"phase":"start","data":{},"time":1694359271402,"id":"test-compile","program":"happytrails","operation":"test-compile"}
{"phase":"finish","data":{},"time":1694359271402,"id":"test-compile","program":"happytrails","operation":"test-compile"}
{"phase":"start","data":{},"time":1694359271402,"id":"ht-test-compile-jar","program":"happytrails","operation":"ht-test-compile-jar"}
{"phase":"finish","data":{},"time":1694359271402,"id":"ht-test-compile-jar","program":"happytrails","operation":"ht-test-compile-jar"}
{"phase":"start","data":{},"time":1694359271402,"id":"doc-index","program":"happytrails","operation":"doc-index"}
{"phase":"finish","data":{},"time":1694359271403,"id":"doc-index","program":"happytrails","operation":"doc-index"}
{"phase":"start","data":{},"time":1694359271403,"id":"ht-pre-reports","program":"happytrails","operation":"ht-pre-reports"}
{"phase":"finish","data":{},"time":1694359271403,"id":"ht-pre-reports","program":"happytrails","operation":"ht-pre-reports"}
{"phase":"start","data":{},"time":1694359271403,"id":"checkstyle-on-test-dir","program":"happytrails","operation":"checkstyle-on-test-dir"}
{"phase":"finish","data":{},"time":1694359272106,"id":"checkstyle-on-test-dir","program":"happytrails","operation":"checkstyle-on-test-dir"}
{"phase":"start","data":{},"time":1694359272106,"id":"ht-pre-checkstyle","program":"happytrails","operation":"ht-pre-checkstyle"}
{"phase":"finish","data":{},"time":1694359272106,"id":"ht-pre-checkstyle","program":"happytrails","operation":"ht-pre-checkstyle"}
{"phase":"start","data":{},"time":1694359272106,"id":"-standard-checkstyle","program":"happytrails","operation":"-standard-checkstyle"}
{"phase":"finish","data":{},"time":1694359272319,"id":"-standard-checkstyle","program":"happytrails","operation":"-standard-checkstyle"}
{"phase":"start","data":{},"time":1694359272319,"id":"ht-post-checkstyle","program":"happytrails","operation":"ht-post-checkstyle"}
{"phase":"finish","data":{},"time":1694359272320,"id":"ht-post-checkstyle","program":"happytrails","operation":"ht-post-checkstyle"}
{"phase":"start","data":{},"time":1694359272320,"id":"standard-checkstyle","program":"happytrails","operation":"standard-checkstyle"}
{"phase":"finish","data":{},"time":1694359272320,"id":"standard-checkstyle","program":"happytrails","operation":"standard-checkstyle"}
{"phase":"start","data":{},"time":1694359272320,"id":"checkstyle","program":"happytrails","operation":"checkstyle"}
{"phase":"finish","data":{},"time":1694359272320,"id":"checkstyle","program":"happytrails","operation":"checkstyle"}
{"phase":"start","data":{},"time":1694359272320,"id":"ht-pre-findbugs","program":"happytrails","operation":"ht-pre-findbugs"}
{"phase":"finish","data":{},"time":1694359272320,"id":"ht-pre-findbugs","program":"happytrails","operation":"ht-pre-findbugs"}
{"phase":"start","data":{},"time":1694359272320,"id":"-standard-findbugs","program":"happytrails","operation":"-standard-findbugs"}
{"phase":"finish","data":{},"time":1694359274252,"id":"-standard-findbugs","program":"happytrails","operation":"-standard-findbugs"}
{"phase":"start","data":{},"time":1694359274253,"id":"ht-post-findbugs","program":"happytrails","operation":"ht-post-findbugs"}
{"phase":"finish","data":{},"time":1694359274253,"id":"ht-post-findbugs","program":"happytrails","operation":"ht-post-findbugs"}
{"phase":"start","data":{},"time":1694359274253,"id":"standard-findbugs","program":"happytrails","operation":"standard-findbugs"}
{"phase":"finish","data":{},"time":1694359274253,"id":"standard-findbugs","program":"happytrails","operation":"standard-findbugs"}
{"phase":"start","data":{},"time":1694359274253,"id":"findbugs","program":"happytrails","operation":"findbugs"}
{"phase":"finish","data":{},"time":1694359274253,"id":"findbugs","program":"happytrails","operation":"findbugs"}
{"phase":"start","data":{},"time":1694359274253,"id":"ht-pre-coverage","program":"happytrails","operation":"ht-pre-coverage"}
{"phase":"finish","data":{},"time":1694359274253,"id":"ht-pre-coverage","program":"happytrails","operation":"ht-pre-coverage"}
{"phase":"start","data":{},"time":1694359274253,"id":"ht-pre-test","program":"happytrails","operation":"ht-pre-test"}
{"phase":"finish","data":{},"time":1694359274253,"id":"ht-pre-test","program":"happytrails","operation":"ht-pre-test"}
{"phase":"start","data":{},"time":1694359274253,"id":"generate-test-runtime-classpath","program":"happytrails","operation":"generate-test-runtime-classpath"}
{"phase":"finish","data":{},"time":1694359274323,"id":"generate-test-runtime-classpath","program":"happytrails","operation":"generate-test-runtime-classpath"}
{"phase":"start","data":{},"time":1694359274323,"id":"-init.tests.jvm","program":"happytrails","operation":"-init.tests.jvm"}
{"phase":"finish","data":{},"time":1694359274325,"id":"-init.tests.jvm","program":"happytrails","operation":"-init.tests.jvm"}
{"phase":"start","data":{},"time":1694359274325,"id":"-ht-prepare-test","program":"happytrails","operation":"-ht-prepare-test"}
{"phase":"finish","data":{},"time":1694359274325,"id":"-ht-prepare-test","program":"happytrails","operation":"-ht-prepare-test"}
{"phase":"start","data":{},"time":1694359274325,"id":"-standard-coverage","program":"happytrails","operation":"-standard-coverage"}
{"phase":"start","data":{},"time":1694359275218,"id":"coverage-check","program":"happytrails","operation":"coverage-check"}
{"phase":"finish","data":{},"time":1694359275218,"id":"coverage-check","program":"happytrails","operation":"coverage-check"}
{"phase":"finish","data":{},"time":1694359275218,"id":"-standard-coverage","program":"happytrails","operation":"-standard-coverage"}
{"phase":"start","data":{},"time":1694359275218,"id":"ht-post-coverage","program":"happytrails","operation":"ht-post-coverage"}
{"phase":"finish","data":{},"time":1694359275218,"id":"ht-post-coverage","program":"happytrails","operation":"ht-post-coverage"}
{"phase":"start","data":{},"time":1694359275218,"id":"standard-coverage","program":"happytrails","operation":"standard-coverage"}
{"phase":"finish","data":{},"time":1694359275218,"id":"standard-coverage","program":"happytrails","operation":"standard-coverage"}
{"phase":"start","data":{},"time":1694359275218,"id":"coverage","program":"happytrails","operation":"coverage"}
{"phase":"finish","data":{},"time":1694359275218,"id":"coverage","program":"happytrails","operation":"coverage"}
{"phase":"start","data":{},"time":1694359275218,"id":"ht-pre-javadoc","program":"happytrails","operation":"ht-pre-javadoc"}
{"phase":"finish","data":{},"time":1694359275218,"id":"ht-pre-javadoc","program":"happytrails","operation":"ht-pre-javadoc"}
{"phase":"start","data":{},"time":1694359275218,"id":"javadoc-init","program":"happytrails","operation":"javadoc-init"}
{"phase":"finish","data":{},"time":1694359275219,"id":"javadoc-init","program":"happytrails","operation":"javadoc-init"}
{"phase":"start","data":{},"time":1694359275219,"id":"-standard-javadoc","program":"happytrails","operation":"-standard-javadoc"}
{"phase":"finish","data":{},"time":1694359295254,"id":"-standard-javadoc","program":"happytrails","operation":"-standard-javadoc"}
{"phase":"start","data":{},"time":1694359295254,"id":"ht-post-javadoc","program":"happytrails","operation":"ht-post-javadoc"}
{"phase":"finish","data":{},"time":1694359295254,"id":"ht-post-javadoc","program":"happytrails","operation":"ht-post-javadoc"}
{"phase":"start","data":{},"time":1694359295254,"id":"standard-javadoc","program":"happytrails","operation":"standard-javadoc"}
{"phase":"finish","data":{},"time":1694359295254,"id":"standard-javadoc","program":"happytrails","operation":"standard-javadoc"}
{"phase":"start","data":{},"time":1694359295254,"id":"javadoc","program":"happytrails","operation":"javadoc"}
{"phase":"finish","data":{},"time":1694359295254,"id":"javadoc","program":"happytrails","operation":"javadoc"}
{"phase":"start","data":{},"time":1694359295254,"id":"ht-pre-jdeps","program":"happytrails","operation":"ht-pre-jdeps"}
{"phase":"finish","data":{},"time":1694359295254,"id":"ht-pre-jdeps","program":"happytrails","operation":"ht-pre-jdeps"}
{"phase":"start","data":{},"time":1694359295254,"id":"-standard-jdeps","program":"happytrails","operation":"-standard-jdeps"}
{"phase":"finish","data":{},"time":1694359295265,"id":"-standard-jdeps","program":"happytrails","operation":"-standard-jdeps"}
{"phase":"start","data":{},"time":1694359295265,"id":"ht-post-jdeps","program":"happytrails","operation":"ht-post-jdeps"}
{"phase":"finish","data":{},"time":1694359295265,"id":"ht-post-jdeps","program":"happytrails","operation":"ht-post-jdeps"}
{"phase":"start","data":{},"time":1694359295265,"id":"standard-jdeps","program":"happytrails","operation":"standard-jdeps"}
{"phase":"finish","data":{},"time":1694359295265,"id":"standard-jdeps","program":"happytrails","operation":"standard-jdeps"}
{"phase":"start","data":{},"time":1694359295265,"id":"jdeps","program":"happytrails","operation":"jdeps"}
{"phase":"finish","data":{},"time":1694359295265,"id":"jdeps","program":"happytrails","operation":"jdeps"}
{"phase":"start","data":{},"time":1694359295265,"id":"-standard-reports","program":"happytrails","operation":"-standard-reports"}
{"phase":"finish","data":{},"time":1694359295265,"id":"-standard-reports","program":"happytrails","operation":"-standard-reports"}
{"phase":"start","data":{},"time":1694359295265,"id":"ht-post-reports","program":"happytrails","operation":"ht-post-reports"}
{"phase":"finish","data":{},"time":1694359295265,"id":"ht-post-reports","program":"happytrails","operation":"ht-post-reports"}
{"phase":"start","data":{},"time":1694359295265,"id":"standard-reports","program":"happytrails","operation":"standard-reports"}
{"phase":"finish","data":{},"time":1694359295268,"id":"standard-reports","program":"happytrails","operation":"standard-reports"}
{"phase":"start","data":{},"time":1694359295268,"id":"reports","program":"happytrails","operation":"reports"}
{"phase":"finish","data":{},"time":1694359295268,"id":"reports","program":"happytrails","operation":"reports"}
{"phase":"start","data":{},"time":1694359295268,"id":"ht-pre-unit-tests","program":"happytrails","operation":"ht-pre-unit-tests"}
{"phase":"finish","data":{},"time":1694359295268,"id":"ht-pre-unit-tests","program":"happytrails","operation":"ht-pre-unit-tests"}
{"phase":"start","data":{},"time":1694359295268,"id":"-standard-unit-tests","program":"happytrails","operation":"-standard-unit-tests"}
{"phase":"finish","data":{},"time":1694359295268,"id":"-standard-unit-tests","program":"happytrails","operation":"-standard-unit-tests"}
{"phase":"start","data":{},"time":1694359295268,"id":"ht-post-unit-tests","program":"happytrails","operation":"ht-post-unit-tests"}
{"phase":"finish","data":{},"time":1694359295268,"id":"ht-post-unit-tests","program":"happytrails","operation":"ht-post-unit-tests"}
{"phase":"start","data":{},"time":1694359295268,"id":"standard-unit-tests","program":"happytrails","operation":"standard-unit-tests"}
{"phase":"finish","data":{},"time":1694359295268,"id":"standard-unit-tests","program":"happytrails","operation":"standard-unit-tests"}
{"phase":"start","data":{},"time":1694359295268,"id":"unit-tests","program":"happytrails","operation":"unit-tests"}
{"phase":"finish","data":{},"time":1694359295268,"id":"unit-tests","program":"happytrails","operation":"unit-tests"}
{"phase":"start","data":{},"time":1694359295268,"id":"-standard-test","program":"happytrails","operation":"-standard-test"}
{"phase":"finish","data":{},"time":1694359295268,"id":"-standard-test","program":"happytrails","operation":"-standard-test"}
{"phase":"start","data":{},"time":1694359295268,"id":"ht-post-test","program":"happytrails","operation":"ht-post-test"}
{"phase":"finish","data":{},"time":1694359295268,"id":"ht-post-test","program":"happytrails","operation":"ht-post-test"}
{"phase":"start","data":{},"time":1694359295268,"id":"standard-test","program":"happytrails","operation":"standard-test"}
{"phase":"finish","data":{},"time":1694359295268,"id":"standard-test","program":"happytrails","operation":"standard-test"}
{"phase":"start","data":{},"time":1694359295268,"id":"test","program":"happytrails","operation":"test"}
{"phase":"finish","data":{},"time":1694359295268,"id":"test","program":"happytrails","operation":"test"}
{"phase":"start","data":{},"time":1694359295268,"id":"-standard-release","program":"happytrails","operation":"-standard-release"}
{"phase":"finish","data":{},"time":1694359295268,"id":"-standard-release","program":"happytrails","operation":"-standard-release"}
{"phase":"start","data":{},"time":1694359295269,"id":"ht-post-release","program":"happytrails","operation":"ht-post-release"}
{"phase":"finish","data":{},"time":1694359295269,"id":"ht-post-release","program":"happytrails","operation":"ht-post-release"}
{"phase":"start","data":{},"time":1694359295269,"id":"standard-release","program":"happytrails","operation":"standard-release"}
{"phase":"finish","data":{},"time":1694359295269,"id":"standard-release","program":"happytrails","operation":"standard-release"}
{"phase":"start","data":{},"time":1694359295269,"id":"validate-classpath","program":"happytrails","operation":"validate-classpath"}
{"phase":"finish","data":{},"time":1694359295312,"id":"validate-classpath","program":"happytrails","operation":"validate-classpath"}
{"phase":"start","data":{},"time":1694359295312,"id":"release","program":"happytrails","operation":"release"}
{"phase":"finish","data":{},"time":1694359295312,"id":"release","program":"happytrails","operation":"release"}
{"phase":"finish","data":{},"id":"happytrails","operation":"exec-buildsystem","time":1694359295447.773,"program":"brazil-build"}
{"phase":"finish","data":{"pid":27176,"exit_code":0},"id":"27176","operation":"brazil-build","time":1694359295448.493,"program":"brazil-build"}
